<?xml version="1.0" encoding="UTF-8"?>
<testsuites name="TestSuite" time="71.655" tests="2" failures="0" errors="0">
   <testsuite name="TestSuite" tests="2" failures="0" errors="0" time="71.655" skipped="0" timestamp="2022-11-28 21:02:53" hostname="Yasmin - DESKTOP-MJGQSSU" id="Test Suites/TestSuite">
      <properties>
         <property name="deviceName" value=""/>
         <property name="devicePlatform" value=""/>
         <property name="logFolder" value="E:\\Automation-test\\Reports\\20221128_210239\\TestSuite\\20221128_210239"/>
         <property name="logFiles" value="E:\\Automation-test\\Reports\\20221128_210239\\TestSuite\\20221128_210239\\execution0.log"/>
         <property name="attachments" value=""/>
         <property name="hostName" value="Yasmin - DESKTOP-MJGQSSU"/>
         <property name="os" value="Windows 10 64bit"/>
         <property name="katalonVersion" value="8.3.0.208"/>
         <property name="browser" value="Chrome 107.0.0.0"/>
         <property name="hostAddress" value="192.168.1.8"/>
         <property name="sessionId" value="df1ef35137747edd82828c0055833d11"/>
         <property name="seleniumVersion" value="3.141.59"/>
         <property name="proxyInformation" value="ProxyInformation { proxyOption=NO_PROXY, proxyServerType=HTTP, username=, password=********, proxyServerAddress=, proxyServerPort=0, executionList=&quot;&quot;, isApplyToDesiredCapabilities=true }"/>
         <property name="platform" value="Windows 10"/>
      </properties>
      <testcase name="Test Cases/Main Test Case/001_LoginSucces" time="38.796" classname="Test Cases/Main Test Case/001_LoginSucces" status="PASSED">
         <system-out><![CDATA[2022-11-28 21:02:55 - [TEST_CASE][PASSED] - Test Cases/Main Test Case/001_LoginSucces: Test Cases/Main Test Case/001_LoginSucces

2022-11-28 21:02:57 - [TEST_STEP][PASSED] - openBrowser(""): Browser is opened with url: ''

2022-11-28 21:02:58 - [MESSAGE][INFO] - Starting 'Chrome' driver

2022-11-28 21:02:59 - [MESSAGE][INFO] - Action delay is set to 0 milliseconds

2022-11-28 21:03:08 - [MESSAGE][PASSED] - Browser is opened with url: ''

2022-11-28 21:03:08 - [TEST_STEP][PASSED] - navigateToUrl("https://id-id.facebook.com/"): Navigate to 'https://id-id.facebook.com/' successfully

2022-11-28 21:03:12 - [MESSAGE][PASSED] - Navigate to 'https://id-id.facebook.com/' successfully

2022-11-28 21:03:12 - [TEST_STEP][PASSED] - setText(findTestObject("Page_Facebook - Masuk atau Daftar/input_Facebook_Email"), Email): Text 'yasminhidayat9@gmail.com' is set on object 'Object Repository/Page_Facebook - Masuk atau Daftar/input_Facebook_Email'

2022-11-28 21:03:15 - [MESSAGE][PASSED] - Text 'yasminhidayat9@gmail.com' is set on object 'Object Repository/Page_Facebook - Masuk atau Daftar/input_Facebook_Email'

2022-11-28 21:03:15 - [TEST_STEP][PASSED] - setEncryptedText(findTestObject("Page_Facebook - Masuk atau Daftar/input_Facebook_Password"), Password): Text ****** has been set on object 'Object Repository/Page_Facebook - Masuk atau Daftar/input_Facebook_Password'

2022-11-28 21:03:16 - [MESSAGE][PASSED] - Text ****** has been set on object 'Object Repository/Page_Facebook - Masuk atau Daftar/input_Facebook_Password'

2022-11-28 21:03:16 - [TEST_STEP][PASSED] - click(findTestObject("Page_Facebook - Masuk atau Daftar/button_Masuk")): Object: 'Object Repository/Page_Facebook - Masuk atau Daftar/button_Masuk' is clicked on

2022-11-28 21:03:17 - [MESSAGE][PASSED] - Object: 'Object Repository/Page_Facebook - Masuk atau Daftar/button_Masuk' is clicked on

2022-11-28 21:03:17 - [TEST_STEP][PASSED] - verifyElementPresent(findTestObject("Page_Facebook - Masuk atau Daftar/a_Beranda"), 3): Object 'Object Repository/Page_Facebook - Masuk atau Daftar/a_Beranda' is present

2022-11-28 21:03:31 - [MESSAGE][PASSED] - Object 'Object Repository/Page_Facebook - Masuk atau Daftar/a_Beranda' is present

2022-11-28 21:03:31 - [TEST_STEP][PASSED] - closeBrowser(): Browser is closed

2022-11-28 21:03:33 - [MESSAGE][PASSED] - Browser is closed]]></system-out>
         <system-err><![CDATA[]]></system-err>
      </testcase>
      <testcase name="Test Cases/Main Test Case/002_LoginFailed" time="31.14" classname="Test Cases/Main Test Case/002_LoginFailed" status="PASSED">
         <system-out><![CDATA[2022-11-28 21:03:33 - [TEST_CASE][PASSED] - Test Cases/Main Test Case/002_LoginFailed: Test Cases/Main Test Case/002_LoginFailed

2022-11-28 21:03:35 - [TEST_STEP][PASSED] - openBrowser(""): Browser is opened with url: ''

2022-11-28 21:03:35 - [MESSAGE][INFO] - Starting 'Chrome' driver

2022-11-28 21:03:35 - [MESSAGE][INFO] - Action delay is set to 0 milliseconds

2022-11-28 21:03:39 - [MESSAGE][PASSED] - Browser is opened with url: ''

2022-11-28 21:03:39 - [TEST_STEP][PASSED] - navigateToUrl("https://id-id.facebook.com/"): Navigate to 'https://id-id.facebook.com/' successfully

2022-11-28 21:03:44 - [MESSAGE][PASSED] - Navigate to 'https://id-id.facebook.com/' successfully

2022-11-28 21:03:44 - [TEST_STEP][PASSED] - setText(findTestObject("Page_Facebook - Masuk atau Daftar/input_Facebook_Email"), Email): Text 'yasminhidayat9@gmail.com' is set on object 'Object Repository/Page_Facebook - Masuk atau Daftar/input_Facebook_Email'

2022-11-28 21:03:53 - [MESSAGE][PASSED] - Text 'yasminhidayat9@gmail.com' is set on object 'Object Repository/Page_Facebook - Masuk atau Daftar/input_Facebook_Email'

2022-11-28 21:03:53 - [TEST_STEP][PASSED] - setText(findTestObject("Page_Facebook - Masuk atau Daftar/input_Facebook_Password"), Password): Text 'Failed' is set on object 'Object Repository/Page_Facebook - Masuk atau Daftar/input_Facebook_Password'

2022-11-28 21:03:54 - [MESSAGE][PASSED] - Text 'Failed' is set on object 'Object Repository/Page_Facebook - Masuk atau Daftar/input_Facebook_Password'

2022-11-28 21:03:54 - [TEST_STEP][PASSED] - click(findTestObject("Page_Facebook - Masuk atau Daftar/button_Masuk")): Object: 'Object Repository/Page_Facebook - Masuk atau Daftar/button_Masuk' is clicked on

2022-11-28 21:03:55 - [MESSAGE][PASSED] - Object: 'Object Repository/Page_Facebook - Masuk atau Daftar/button_Masuk' is clicked on

2022-11-28 21:03:55 - [TEST_STEP][PASSED] - verifyElementPresent(findTestObject("Page_Facebook - Masuk atau Daftar/div_The password that youve entered is incorrect. Forgotten password"), 3): Object 'Object Repository/Page_Facebook - Masuk atau Daftar/div_The password that youve entered is incorrect. Forgotten password' is present

2022-11-28 21:04:03 - [MESSAGE][PASSED] - Object 'Object Repository/Page_Facebook - Masuk atau Daftar/div_The password that youve entered is incorrect. Forgotten password' is present

2022-11-28 21:04:03 - [TEST_STEP][PASSED] - closeBrowser(): Browser is closed

2022-11-28 21:04:05 - [MESSAGE][PASSED] - Browser is closed]]></system-out>
         <system-err><![CDATA[]]></system-err>
      </testcase>
      <system-out><![CDATA[2022-11-28 21:02:53 - [TEST_SUITE][PASSED] - TestSuite: Test Cases/Main Test Case/002_LoginFailed]]></system-out>
      <system-err><![CDATA[]]></system-err>
   </testsuite>
</testsuites>
